<?xml version="1.0" encoding="UTF-8"?>
<!-- Generated by org.testng.reporters.JUnitReportReporter -->
<testsuite hostname="EPHUBUDW2232" name="hu.epam.daotest.DaoTest" tests="1" failures="0" timestamp="14 Jul 2016 11:04:33 GMT" time="0.114" errors="0">
  <testcase name="testReadStoredDbItems" time="0.114" classname="hu.epam.daotest.DaoTest"/>
</testsuite> <!-- hu.epam.daotest.DaoTest -->
