<?xml version="1.0" encoding="UTF-8"?>
<!-- Generated by org.testng.reporters.JUnitReportReporter -->
<testsuite hostname="EPHUBUDW2232" name="hu.epam.daotest.DaoTest" tests="1" failures="0" timestamp="15 Jul 2016 07:10:02 GMT" time="0.396" errors="0">
  <testcase name="composeDataShouldReturnOneQuestion" time="0.396" classname="hu.epam.daotest.DaoTest"/>
</testsuite> <!-- hu.epam.daotest.DaoTest -->
